Base path: C:/Program Files (x86)/Unity 4.6/Editor/Data
Pipe name: \\.\pipe\UnityShaderCompiler-8-21444
Cmd: getPlatforms
Cmd: compileSnippet
  api=0 type=0 insize=7428 outsize=1502 kw=DIRECTIONAL SHADOWS_SCREEN LIGHTMAP_OFF DIRLIGHTMAP_OFF ok=1
Cmd: compileSnippet
  api=0 type=0 insize=7428 outsize=2062 kw=DIRECTIONAL SHADOWS_OFF LIGHTMAP_OFF DIRLIGHTMAP_OFF VERTEXLIGHT_ON ok=1
Cmd: compileSnippet
  api=1 type=1 insize=7428 outsize=389 kw=DIRECTIONAL SHADOWS_OFF LIGHTMAP_OFF DIRLIGHTMAP_OFF ok=1
Cmd: compileSnippet
  api=4 type=1 insize=7428 outsize=1883 kw=DIRECTIONAL SHADOWS_SCREEN LIGHTMAP_OFF DIRLIGHTMAP_OFF ok=1
Cmd: compileSnippet
  api=1 type=0 insize=4473 outsize=601 kw=DIRECTIONAL SHADOWS_OFF ok=1
Cmd: compileSnippet
  api=4 type=0 insize=4473 outsize=3590 kw=SPOT SHADOWS_OFF ok=1
Cmd: compileSnippet
  api=1 type=0 insize=4473 outsize=856 kw=SPOT SHADOWS_DEPTH ok=1
Cmd: compileSnippet
  api=0 type=0 insize=4473 outsize=1087 kw=DIRECTIONAL SHADOWS_SCREEN ok=1
Cmd: compileSnippet
  api=4 type=0 insize=4473 outsize=3858 kw=DIRECTIONAL_COOKIE SHADOWS_SCREEN ok=1
Cmd: compileSnippet
  api=4 type=0 insize=4473 outsize=3736 kw=POINT_COOKIE SHADOWS_CUBE ok=1
Cmd: compileSnippet
  api=8 type=0 insize=4473 outsize=5842 kw=SPOT SHADOWS_DEPTH SHADOWS_SOFT ok=1
Cmd: compileSnippet
  api=8 type=1 insize=4473 outsize=2218 kw=POINT SHADOWS_OFF ok=1
Cmd: compileSnippet
  api=1 type=1 insize=4473 outsize=271 kw=DIRECTIONAL_COOKIE SHADOWS_OFF ok=1
Cmd: compileSnippet
  api=4 type=1 insize=4473 outsize=2387 kw=SPOT SHADOWS_DEPTH ok=1
Cmd: compileSnippet
  api=4 type=1 insize=4473 outsize=1307 kw=DIRECTIONAL SHADOWS_SCREEN ok=1
Cmd: compileSnippet
  api=4 type=1 insize=4473 outsize=2168 kw=POINT SHADOWS_CUBE ok=1
Cmd: compileSnippet
  api=1 type=1 insize=4473 outsize=888 kw=SPOT SHADOWS_DEPTH SHADOWS_SOFT ok=1
Cmd: compileSnippet
  api=4 type=1 insize=4473 outsize=3029 kw=SPOT SHADOWS_DEPTH SHADOWS_SOFT SHADOWS_NATIVE ok=1
Cmd: compileSnippet
  api=0 type=0 insize=4317 outsize=857 kw= ok=1
Cmd: compileSnippet
  api=0 type=0 insize=6282 outsize=1301 kw=LIGHTMAP_OFF DIRLIGHTMAP_OFF HDR_LIGHT_PREPASS_ON ok=1
Cmd: compileSnippet
  api=8 type=0 insize=6282 outsize=5460 kw=LIGHTMAP_OFF DIRLIGHTMAP_OFF HDR_LIGHT_PREPASS_ON ok=1
Cmd: compileSnippet
  api=4 type=1 insize=6282 outsize=2452 kw=LIGHTMAP_ON DIRLIGHTMAP_OFF HDR_LIGHT_PREPASS_OFF ok=1
Cmd: compileSnippet
  api=4 type=1 insize=6282 outsize=2403 kw=LIGHTMAP_ON DIRLIGHTMAP_OFF HDR_LIGHT_PREPASS_ON ok=1
Cmd: compileSnippet
  api=8 type=0 insize=3736 outsize=2210 kw=SHADOWS_CUBE ok=1
Cmd: compileSnippet
  api=0 type=1 insize=3736 outsize=349 kw=SHADOWS_CUBE ok=1
Cmd: compileSnippet
  api=8 type=0 insize=3782 outsize=4851 kw=SHADOWS_NATIVE ok=1
Cmd: compileSnippet
  api=0 type=1 insize=3782 outsize=1061 kw=SHADOWS_SPLIT_SPHERES SHADOWS_NONATIVE ok=1
Unhandled exception: Readfile from pipe failed. GLE=The pipe has been ended.


Quitting shader compiler process
